<?xml version="1.0" encoding="UTF-8"?>
<!-- Generated by org.testng.reporters.JUnitXMLReporter -->
<testsuite hostname="DESKTOP-52RK4PS" ignored="0" name="Default test" tests="5" failures="0" timestamp="09 Aug 2023 07:38:40 GMT" time="109.5" errors="0">
  <testcase name="loginToDashboard" time="35.927" classname="com.JbkOffline.DashboardTest"/>
  <testcase name="seleniumCourse" time="6.521" classname="com.JbkOffline.DashboardTest"/>
  <testcase name="JavaJ2EECourse" time="0.367" classname="com.JbkOffline.DashboardTest"/>
  <testcase name="PythonCourse" time="0.164" classname="com.JbkOffline.DashboardTest"/>
  <testcase name="PhpCourse" time="0.143" classname="com.JbkOffline.DashboardTest"/>
</testsuite> <!-- Default test -->
